<?xml version='1.0' encoding='utf-8'?>
<coverage generated="06-12-21" clover="6.2"><project timestamp="06-12-21"><metrics packages="1" elements="212" coveredelements="188" statements="166" coveredstatements="151" conditionals="46" coveredconditionals="37" files="2" loc="228" ncloc="166" classes="2" /><package name=""><metrics elements="212" coveredelements="188" statements="166" coveredstatements="151" conditionals="46" coveredconditionals="37" files="2" classes="2" loc="228" ncloc="166" /><class name="__init__.py" filename="clover/__init__.py"><metrics elements="191" coveredelements="179" statements="149" coveredstatements="143" conditionals="42" coveredconditionals="36" files="1" loc="200" ncloc="149" /></class><class name="coverage2clover.py" filename="clover/coverage2clover.py"><metrics elements="21" coveredelements="9" statements="17" coveredstatements="8" conditionals="4" coveredconditionals="1" files="1" loc="28" ncloc="17" /></class></package></project></coverage>