<?xml version="1.0" ?>
<coverage branch-rate="0.6842" line-rate="0.9262" timestamp="1454922319897" version="4.0">
	<!-- Generated by coverage.py: https://coverage.readthedocs.org -->
	<!-- Based on https://raw.githubusercontent.com/cobertura/web/f0366e5e2cf18f111cbd61fc34ef720a6584ba02/htdocs/xml/coverage-03.dtd -->
	<sources>
		<source>/home/tumbler/PycharmProjects/coverage2clover</source>
	</sources>
	<packages>
		<package branch-rate="0.6842" complexity="0" line-rate="0.9262" name="clover">
			<classes>
				<class branch-rate="0.6842" complexity="0" filename="clover/__init__.py" line-rate="0.9262" name="__init__.py">
					<methods/>
					<lines>
						<line hits="1" number="3"/>
						<line hits="1" number="4"/>
						<line hits="1" number="5"/>
						<line hits="1" number="6"/>
						<line hits="1" number="8"/>
						<line branch="true" condition-coverage="50% (1/2)" hits="1" missing-branches="13" number="11"/>
						<line branch="true" condition-coverage="0% (0/2)" hits="0" missing-branches="exit,15" number="13"/>
						<line hits="0" number="15"/>
						<line branch="true" condition-coverage="0% (0/2)" hits="0" missing-branches="18,20" number="16"/>
						<line hits="0" number="18"/>
						<line branch="true" condition-coverage="0% (0/2)" hits="0" missing-branches="22,24" number="20"/>
						<line hits="0" number="22"/>
						<line hits="0" number="24"/>
						<line hits="1" number="28"/>
						<line branch="true" condition-coverage="100% (2/2)" hits="1" number="29"/>
						<line hits="1" number="31"/>
						<line branch="true" condition-coverage="100% (2/2)" hits="1" number="32"/>
						<line hits="1" number="34"/>
						<line branch="true" condition-coverage="50% (1/2)" hits="1" missing-branches="40" number="36"/>
						<line hits="1" number="38"/>
						<line hits="0" number="40"/>
						<line hits="1" number="43"/>
						<line hits="1" number="45"/>
						<line hits="1" number="46"/>
						<line hits="1" number="47"/>
						<line hits="1" number="48"/>
						<line hits="1" number="49"/>
						<line hits="1" number="50"/>
						<line hits="1" number="51"/>
						<line hits="1" number="52"/>
						<line hits="1" number="53"/>
						<line hits="1" number="54"/>
						<line hits="1" number="56"/>
						<line hits="1" number="57"/>
						<line hits="1" number="58"/>
						<line hits="1" number="59"/>
						<line hits="1" number="60"/>
						<line hits="1" number="61"/>
						<line hits="1" number="62"/>
						<line hits="1" number="63"/>
						<line hits="1" number="66"/>
						<line hits="1" number="68"/>
						<line hits="1" number="70"/>
						<line hits="1" number="71"/>
						<line hits="1" number="72"/>
						<line hits="1" number="73"/>
						<line hits="1" number="74"/>
						<line hits="1" number="75"/>
						<line hits="1" number="76"/>
						<line hits="1" number="78"/>
						<line hits="1" number="79"/>
						<line hits="1" number="80"/>
						<line branch="true" condition-coverage="100% (2/2)" hits="1" number="81"/>
						<line hits="1" number="82"/>
						<line hits="1" number="83"/>
						<line hits="1" number="86"/>
						<line hits="1" number="89"/>
						<line hits="1" number="90"/>
						<line hits="1" number="91"/>
						<line hits="1" number="92"/>
						<line hits="1" number="93"/>
						<line hits="1" number="94"/>
						<line hits="1" number="95"/>
						<line hits="1" number="96"/>
						<line hits="1" number="97"/>
						<line hits="1" number="98"/>
						<line hits="1" number="100"/>
						<line hits="1" number="101"/>
						<line hits="1" number="102"/>
						<line hits="1" number="103"/>
						<line hits="1" number="104"/>
						<line hits="1" number="105"/>
						<line hits="1" number="106"/>
						<line hits="1" number="107"/>
						<line hits="1" number="108"/>
						<line hits="1" number="110"/>
						<line hits="1" number="111"/>
						<line hits="1" number="112"/>
						<line hits="1" number="113"/>
						<line hits="1" number="114"/>
						<line hits="1" number="115"/>
						<line hits="1" number="116"/>
						<line branch="true" condition-coverage="100% (2/2)" hits="1" number="117"/>
						<line hits="1" number="118"/>
						<line hits="1" number="119"/>
						<line branch="true" condition-coverage="100% (2/2)" hits="1" number="120"/>
						<line hits="1" number="121"/>
						<line hits="1" number="122"/>
						<line hits="1" number="123"/>
						<line hits="1" number="124"/>
						<line hits="1" number="125"/>
						<line hits="1" number="126"/>
						<line branch="true" condition-coverage="100% (2/2)" hits="1" number="127"/>
						<line hits="1" number="128"/>
						<line branch="true" condition-coverage="100% (2/2)" hits="1" number="129"/>
						<line hits="1" number="130"/>
						<line branch="true" condition-coverage="100% (2/2)" hits="1" number="131"/>
						<line hits="1" number="132"/>
						<line hits="1" number="133"/>
						<line hits="1" number="134"/>
						<line hits="1" number="135"/>
						<line hits="1" number="137"/>
						<line hits="1" number="139"/>
						<line hits="1" number="140"/>
						<line hits="1" number="141"/>
						<line hits="1" number="144"/>
						<line hits="1" number="145"/>
						<line hits="1" number="146"/>
						<line hits="1" number="147"/>
						<line hits="1" number="149"/>
						<line branch="true" condition-coverage="50% (1/2)" hits="1" missing-branches="152" number="150"/>
						<line hits="1" number="151"/>
						<line hits="1" number="152"/>
						<line hits="1" number="153"/>
						<line hits="1" number="154"/>
						<line hits="1" number="155"/>
						<line hits="1" number="156"/>
						<line hits="1" number="157"/>
						<line hits="1" number="169"/>
						<line hits="1" number="170"/>
						<line branch="true" condition-coverage="100% (2/2)" hits="1" number="171"/>
						<line hits="1" number="172"/>
						<line hits="1" number="173"/>
						<line hits="1" number="174"/>
						<line hits="1" number="175"/>
						<line hits="1" number="176"/>
						<line hits="1" number="188"/>
						<line branch="true" condition-coverage="100% (2/2)" hits="1" number="189"/>
						<line hits="1" number="190"/>
						<line hits="1" number="191"/>
						<line hits="1" number="192"/>
						<line hits="1" number="193"/>
						<line hits="1" number="194"/>
						<line hits="1" number="195"/>
						<line hits="1" number="206"/>
						<line hits="1" number="207"/>
						<line hits="1" number="209"/>
						<line hits="1" number="211"/>
						<line hits="1" number="212"/>
						<line branch="true" condition-coverage="50% (1/2)" hits="1" missing-branches="214" number="213"/>
						<line hits="0" number="214"/>
						<line hits="1" number="216"/>
						<line hits="1" number="217"/>
						<line hits="1" number="218"/>
						<line branch="true" condition-coverage="50% (1/2)" hits="1" missing-branches="220" number="219"/>
						<line hits="0" number="220"/>
						<line hits="1" number="222"/>
						<line branch="true" condition-coverage="50% (1/2)" hits="1" missing-branches="224" number="223"/>
						<line hits="0" number="224"/>
					</lines>
				</class>
			</classes>
		</package>
	</packages>
</coverage>
